<?xml version="1.0" encoding="UTF-8"?>
<testng-results skipped="0" failed="1" total="1" passed="0">
  <reporter-output>
    <line>
      <![CDATA[<a href="com.ccautomation.pagetitle.PageTitleTest.verifyTitle.png">Screenshot</a>]]>
    </line>
  </reporter-output>
  <suite name="Smoke Test" duration-ms="6479" started-at="2015-07-23T09:36:14Z" finished-at="2015-07-23T09:36:20Z">
    <groups>
    </groups>
    <test name="PageTitle" duration-ms="6479" started-at="2015-07-23T09:36:14Z" finished-at="2015-07-23T09:36:20Z">
      <class name="com.ccautomation.pagetitle.PageTitleTest">
        <test-method status="PASS" signature="beforeClass()[pri:0, instance:com.ccautomation.pagetitle.PageTitleTest@1a5e471]" name="beforeClass" is-config="true" duration-ms="4722" started-at="2015-07-23T15:06:14Z" finished-at="2015-07-23T15:06:19Z">
          <reporter-output>
          </reporter-output>
        </test-method> <!-- beforeClass -->
        <test-method status="FAIL" signature="verifyTitle(java.lang.String, java.lang.String, java.lang.String, java.lang.String, java.lang.String)[pri:0, instance:com.ccautomation.pagetitle.PageTitleTest@1a5e471]" name="verifyTitle" duration-ms="179" started-at="2015-07-23T15:06:19Z" data-provider="pageTitleDataProvider" finished-at="2015-07-23T15:06:19Z">
          <exception class="org.testng.TestNGException">
            <message>
              <![CDATA[
The data provider is trying to pass 3 parameters but the method com.ccautomation.pagetitle.PageTitleTest#verifyTitle takes 5 and TestNG is unable in inject a suitable object]]>
            </message>
            <full-stacktrace>
              <![CDATA[org.testng.TestNGException: 
The data provider is trying to pass 3 parameters but the method com.ccautomation.pagetitle.PageTitleTest#verifyTitle takes 5 and TestNG is unable in inject a suitable object
	at org.testng.internal.Invoker.injectParameters(Invoker.java:1361)
	at org.testng.internal.Invoker.invokeTestMethods(Invoker.java:1225)
	at org.testng.internal.TestMethodWorker.invokeTestMethods(TestMethodWorker.java:127)
	at org.testng.internal.TestMethodWorker.run(TestMethodWorker.java:111)
	at org.testng.TestRunner.privateRun(TestRunner.java:767)
	at org.testng.TestRunner.run(TestRunner.java:617)
	at org.testng.SuiteRunner.runTest(SuiteRunner.java:334)
	at org.testng.SuiteRunner.runSequentially(SuiteRunner.java:329)
	at org.testng.SuiteRunner.privateRun(SuiteRunner.java:291)
	at org.testng.SuiteRunner.run(SuiteRunner.java:240)
	at org.testng.SuiteRunnerWorker.runSuite(SuiteRunnerWorker.java:52)
	at org.testng.SuiteRunnerWorker.run(SuiteRunnerWorker.java:86)
	at org.testng.TestNG.runSuitesSequentially(TestNG.java:1198)
	at org.testng.TestNG.runSuitesLocally(TestNG.java:1123)
	at org.testng.TestNG.run(TestNG.java:1031)
	at org.apache.maven.surefire.testng.TestNGExecutor.run(TestNGExecutor.java:178)
	at org.apache.maven.surefire.testng.TestNGXmlTestSuite.execute(TestNGXmlTestSuite.java:92)
	at org.apache.maven.surefire.testng.TestNGProvider.invoke(TestNGProvider.java:96)
	at sun.reflect.NativeMethodAccessorImpl.invoke0(Native Method)
	at sun.reflect.NativeMethodAccessorImpl.invoke(Unknown Source)
	at sun.reflect.DelegatingMethodAccessorImpl.invoke(Unknown Source)
	at java.lang.reflect.Method.invoke(Unknown Source)
	at org.apache.maven.surefire.util.ReflectionUtils.invokeMethodWithArray2(ReflectionUtils.java:208)
	at org.apache.maven.surefire.booter.ProviderFactory$ProviderProxy.invoke(ProviderFactory.java:159)
	at org.apache.maven.surefire.booter.ProviderFactory.invokeProvider(ProviderFactory.java:87)
	at org.apache.maven.surefire.booter.ForkedBooter.runSuitesInProcess(ForkedBooter.java:153)
	at org.apache.maven.surefire.booter.ForkedBooter.main(ForkedBooter.java:95)
Caused by: java.lang.ArrayIndexOutOfBoundsException: 3
	at org.testng.internal.Invoker.injectParameters(Invoker.java:1359)
	... 26 more
]]>
            </full-stacktrace>
          </exception> <!-- org.testng.TestNGException -->
          <reporter-output>
            <line>
              <![CDATA[<a href="com.ccautomation.pagetitle.PageTitleTest.verifyTitle.png">Screenshot</a>]]>
            </line>
          </reporter-output>
        </test-method> <!-- verifyTitle -->
        <test-method status="PASS" signature="afterClass()[pri:0, instance:com.ccautomation.pagetitle.PageTitleTest@1a5e471]" name="afterClass" is-config="true" duration-ms="1136" started-at="2015-07-23T15:06:19Z" finished-at="2015-07-23T15:06:20Z">
          <reporter-output>
          </reporter-output>
        </test-method> <!-- afterClass -->
      </class> <!-- com.ccautomation.pagetitle.PageTitleTest -->
    </test> <!-- PageTitle -->
  </suite> <!-- Smoke Test -->
</testng-results>
