<?xml version="1.0" encoding="UTF-8"?>
<testsuite name="TestSuite" time="660.128" tests="21" errors="0" skipped="0" failures="2">
  <properties>
    <property name="java.runtime.name" value="Java(TM) SE Runtime Environment"/>
    <property name="sun.boot.library.path" value="C:\Program Files (x86)\Java\jre7\bin"/>
    <property name="java.vm.version" value="24.79-b02"/>
    <property name="java.vm.vendor" value="Oracle Corporation"/>
    <property name="java.vendor.url" value="http://java.oracle.com/"/>
    <property name="path.separator" value=";"/>
    <property name="guice.disable.misplaced.annotation.check" value="true"/>
    <property name="java.vm.name" value="Java HotSpot(TM) Client VM"/>
    <property name="file.encoding.pkg" value="sun.io"/>
    <property name="user.script" value=""/>
    <property name="user.country" value="IN"/>
    <property name="sun.java.launcher" value="SUN_STANDARD"/>
    <property name="sun.os.patch.level" value="Service Pack 1"/>
    <property name="java.vm.specification.name" value="Java Virtual Machine Specification"/>
    <property name="user.dir" value="D:\Automation-20072015\CCAutomation"/>
    <property name="java.runtime.version" value="1.7.0_79-b15"/>
    <property name="java.awt.graphicsenv" value="sun.awt.Win32GraphicsEnvironment"/>
    <property name="java.endorsed.dirs" value="C:\Program Files (x86)\Java\jre7\lib\endorsed"/>
    <property name="os.arch" value="x86"/>
    <property name="java.io.tmpdir" value="C:\Users\MANISH~1.JAD\AppData\Local\Temp\"/>
    <property name="line.separator" value="&#10;"/>
    <property name="java.vm.specification.vendor" value="Oracle Corporation"/>
    <property name="user.variant" value=""/>
    <property name="os.name" value="Windows 7"/>
    <property name="classworlds.conf" value="D:\Automation-20072015\.metadata\.plugins\org.eclipse.m2e.launching\launches\m2conf194116077598704841.tmp"/>
    <property name="sun.jnu.encoding" value="Cp1252"/>
    <property name="java.library.path" value="C:\Program Files (x86)\Java\jre7\bin;C:\Windows\Sun\Java\bin;C:\Windows\system32;C:\Windows;C:/Program Files (x86)/Java/jre7/bin/client;C:/Program Files (x86)/Java/jre7/bin;C:/Program Files (x86)/Java/jre7/lib/i386;C:\ProgramData\Oracle\Java\javapath;C:\Program Files\ImageMagick-6.9.0-Q16;C:\Perl64\site\bin;C:\Perl64\bin;C:\Program Files (x86)\HP SimplePass 2011\x64;C:\Program Files (x86)\HP SimplePass 2011\;c:\Program Files (x86)\Intel\iCLS Client\;c:\Program Files\Intel\iCLS Client\;C:\Windows\system32;C:\Windows;C:\Windows\System32\Wbem;C:\Windows\System32\WindowsPowerShell\v1.0\;C:\Program Files\Intel\Intel(R) Management Engine Components\DAL;C:\Program Files\Intel\Intel(R) Management Engine Components\IPT;C:\Program Files (x86)\Intel\Intel(R) Management Engine Components\DAL;C:\Program Files (x86)\Intel\Intel(R) Management Engine Components\IPT;C:\Program Files (x86)\Intel\OpenCL SDK\2.0\bin\x86;C:\Program Files (x86)\Intel\OpenCL SDK\2.0\bin\x64;C:\Program Files (x86)\Intel\Services\IPT\;C:\Program Files (x86)\HP\LoadRunner\strawberry-perl\perl\bin;C:\Program Files\cURL\bin;C:\Program Files\Java\jdk1.7.0_79\jre\bin;D:\eclipse;;."/>
    <property name="java.specification.name" value="Java Platform API Specification"/>
    <property name="java.class.version" value="51.0"/>
    <property name="sun.management.compiler" value="HotSpot Client Compiler"/>
    <property name="os.version" value="6.1"/>
    <property name="user.home" value="C:\Users\manish.jadhav"/>
    <property name="user.timezone" value="Asia/Calcutta"/>
    <property name="java.awt.printerjob" value="sun.awt.windows.WPrinterJob"/>
    <property name="java.specification.version" value="1.7"/>
    <property name="file.encoding" value="Cp1252"/>
    <property name="user.name" value="manish.jadhav"/>
    <property name="java.class.path" value="/D:/eclipse/plugins/org.eclipse.m2e.maven.runtime_1.5.1.20150109-1819/jars/plexus-classworlds-2.5.1.jar"/>
    <property name="org.slf4j.simpleLogger.defaultLogLevel" value="info"/>
    <property name="java.vm.specification.version" value="1.7"/>
    <property name="sun.arch.data.model" value="32"/>
    <property name="java.home" value="C:\Program Files (x86)\Java\jre7"/>
    <property name="sun.java.command" value="org.codehaus.plexus.classworlds.launcher.Launcher -B test"/>
    <property name="java.specification.vendor" value="Oracle Corporation"/>
    <property name="user.language" value="en"/>
    <property name="awt.toolkit" value="sun.awt.windows.WToolkit"/>
    <property name="java.vm.info" value="mixed mode, sharing"/>
    <property name="java.version" value="1.7.0_79"/>
    <property name="java.ext.dirs" value="C:\Program Files (x86)\Java\jre7\lib\ext;C:\Windows\Sun\Java\lib\ext"/>
    <property name="sun.boot.class.path" value="C:\Program Files (x86)\Java\jre7\lib\resources.jar;C:\Program Files (x86)\Java\jre7\lib\rt.jar;C:\Program Files (x86)\Java\jre7\lib\jsse.jar;C:\Program Files (x86)\Java\jre7\lib\jce.jar;C:\Program Files (x86)\Java\jre7\lib\charsets.jar;C:\Program Files (x86)\Java\jre7\lib\jfr.jar;C:\Program Files\Java\jdk1.7.0_79\lib\tools.jar"/>
    <property name="java.vendor" value="Oracle Corporation"/>
    <property name="maven.home" value="D:\Automation-20072015\CCAutomation\EMBEDDED"/>
    <property name="file.separator" value="\"/>
    <property name="java.vendor.url.bug" value="http://bugreport.sun.com/bugreport/"/>
    <property name="sun.cpu.endian" value="little"/>
    <property name="sun.io.unicode.encoding" value="UnicodeLittle"/>
    <property name="sun.desktop" value="windows"/>
    <property name="sun.cpu.isalist" value="pentium_pro+mmx pentium_pro pentium+mmx pentium i486 i386 i86"/>
  </properties>
  <testcase name="verifyTitle" classname="com.ccautomation.pagetitle.PageTitleTest" time="34.733"/>
  <testcase name="verifyTitle" classname="com.ccautomation.pagetitle.PageTitleTest" time="30.556"/>
  <testcase name="verifyTitle" classname="com.ccautomation.pagetitle.PageTitleTest" time="30.772"/>
  <testcase name="verifyTitle" classname="com.ccautomation.pagetitle.PageTitleTest" time="30.625"/>
  <testcase name="verifyTitle" classname="com.ccautomation.pagetitle.PageTitleTest" time="30.487"/>
  <testcase name="verifyTitle" classname="com.ccautomation.pagetitle.PageTitleTest" time="30.462"/>
  <testcase name="verifyTitle" classname="com.ccautomation.pagetitle.PageTitleTest" time="30.504"/>
  <testcase name="verifyTitle" classname="com.ccautomation.pagetitle.PageTitleTest" time="31.37">
    <failure message="expected [ Latest Stories of Trending Topics on Sports | Humorous &amp; Satire Stories on Sport Celebrities | India.com ] but found [Latest Stories of Trending Topics on Sports | Humorous &amp; Satire Stories on Sport Celebrities | India.com]" type="java.lang.AssertionError"><![CDATA[java.lang.AssertionError: expected [ Latest Stories of Trending Topics on Sports | Humorous & Satire Stories on Sport Celebrities | India.com ] but found [Latest Stories of Trending Topics on Sports | Humorous & Satire Stories on Sport Celebrities | India.com]
	at org.testng.Assert.fail(Assert.java:94)
	at org.testng.Assert.failNotEquals(Assert.java:494)
	at org.testng.Assert.assertEquals(Assert.java:123)
	at org.testng.Assert.assertEquals(Assert.java:176)
	at org.testng.Assert.assertEquals(Assert.java:186)
	at com.ccautomation.pagetitle.PageTitleTest.verifyTitle(PageTitleTest.java:54)
]]></failure>
    <system-err><![CDATA[Jul 27, 2015 3:45:42 PM org.fest.swing.testng.listener.ScreenshotOnFailureListener takeScreenshotAndReturnFileName
SEVERE: Unable to save image as 'D:\Automation-20072015\CCAutomation\target\surefire-reports\Smoke Test\com.ccautomation.pagetitle.PageTitleTest.verifyTitle.Sports Page. Latest Stories of Trending Topics on Sports | Humorous & Satire Stories on Sport Celebrities | India.com .Latest & Popular Sports News - Read popular gossip, humorous & satire News on cricket, football, tennis, badminton & all other sports & celebrities at India.com.News on sports,gossip on cricket celebrities,satire news on sports,humours News on cricket,sports gossip,gossip on sports celebrities.http://www.india.com/sports/.png'
org.fest.swing.image.ImageException: Unable to save image as 'D:\Automation-20072015\CCAutomation\target\surefire-reports\Smoke Test\com.ccautomation.pagetitle.PageTitleTest.verifyTitle.Sports Page. Latest Stories of Trending Topics on Sports | Humorous & Satire Stories on Sport Celebrities | India.com .Latest & Popular Sports News - Read popular gossip, humorous & satire News on cricket, football, tennis, badminton & all other sports & celebrities at India.com.News on sports,gossip on cricket celebrities,satire news on sports,humours News on cricket,sports gossip,gossip on sports celebrities.http://www.india.com/sports/.png'
	at org.fest.swing.image.ScreenshotTaker.saveImage(ScreenshotTaker.java:184)
	at org.fest.swing.image.ScreenshotTaker.saveDesktopAsPng(ScreenshotTaker.java:82)
	at org.fest.swing.testng.listener.ScreenshotOnFailureListener.takeScreenshotAndReturnFileName(ScreenshotOnFailureListener.java:118)
	at org.fest.swing.testng.listener.ScreenshotOnFailureListener.onTestFailure(ScreenshotOnFailureListener.java:100)
	at org.testng.internal.Invoker.runTestListeners(Invoker.java:1895)
	at org.testng.internal.Invoker.runTestListeners(Invoker.java:1879)
	at org.testng.internal.Invoker.invokeMethod(Invoker.java:778)
	at org.testng.internal.Invoker.invokeTestMethod(Invoker.java:901)
	at org.testng.internal.Invoker.invokeTestMethods(Invoker.java:1231)
	at org.testng.internal.TestMethodWorker.invokeTestMethods(TestMethodWorker.java:127)
	at org.testng.internal.TestMethodWorker.run(TestMethodWorker.java:111)
	at org.testng.TestRunner.privateRun(TestRunner.java:767)
	at org.testng.TestRunner.run(TestRunner.java:617)
	at org.testng.SuiteRunner.runTest(SuiteRunner.java:334)
	at org.testng.SuiteRunner.runSequentially(SuiteRunner.java:329)
	at org.testng.SuiteRunner.privateRun(SuiteRunner.java:291)
	at org.testng.SuiteRunner.run(SuiteRunner.java:240)
	at org.testng.SuiteRunnerWorker.runSuite(SuiteRunnerWorker.java:52)
	at org.testng.SuiteRunnerWorker.run(SuiteRunnerWorker.java:86)
	at org.testng.TestNG.runSuitesSequentially(TestNG.java:1198)
	at org.testng.TestNG.runSuitesLocally(TestNG.java:1123)
	at org.testng.TestNG.run(TestNG.java:1031)
	at org.apache.maven.surefire.testng.TestNGExecutor.run(TestNGExecutor.java:178)
	at org.apache.maven.surefire.testng.TestNGXmlTestSuite.execute(TestNGXmlTestSuite.java:92)
	at org.apache.maven.surefire.testng.TestNGProvider.invoke(TestNGProvider.java:96)
	at sun.reflect.NativeMethodAccessorImpl.invoke0(Native Method)
	at sun.reflect.NativeMethodAccessorImpl.invoke(Unknown Source)
	at sun.reflect.DelegatingMethodAccessorImpl.invoke(Unknown Source)
	at java.lang.reflect.Method.invoke(Unknown Source)
	at org.apache.maven.surefire.util.ReflectionUtils.invokeMethodWithArray2(ReflectionUtils.java:208)
	at org.apache.maven.surefire.booter.ProviderFactory$ProviderProxy.invoke(ProviderFactory.java:159)
	at org.apache.maven.surefire.booter.ProviderFactory.invokeProvider(ProviderFactory.java:87)
	at org.apache.maven.surefire.booter.ForkedBooter.runSuitesInProcess(ForkedBooter.java:153)
	at org.apache.maven.surefire.booter.ForkedBooter.main(ForkedBooter.java:95)
Caused by: org.fest.util.FilesException: Unable to create the new file 'D:\Automation-20072015\CCAutomation\target\surefire-reports\Smoke Test\com.ccautomation.pagetitle.PageTitleTest.verifyTitle.Sports Page. Latest Stories of Trending Topics on Sports | Humorous & Satire Stories on Sport Celebrities | India.com .Latest & Popular Sports News - Read popular gossip, humorous & satire News on cricket, football, tennis, badminton & all other sports & celebrities at India.com.News on sports,gossip on cricket celebrities,satire news on sports,humours News on cricket,sports gossip,gossip on sports celebrities.http://www.india.com/sports/.png'
	at org.fest.util.Files.cannotCreateNewFile(Files.java:168)
	at org.fest.util.Files.cannotCreateNewFile(Files.java:162)
	at org.fest.util.Files.newFile(Files.java:132)
	at org.fest.swing.image.ImageFileWriter.writeAsPng(ImageFileWriter.java:41)
	at org.fest.swing.image.ScreenshotTaker.saveImage(ScreenshotTaker.java:182)
	... 33 more
Caused by: java.io.IOException: The filename, directory name, or volume label syntax is incorrect
	at java.io.WinNTFileSystem.createFileExclusively(Native Method)
	at java.io.File.createNewFile(Unknown Source)
	at org.fest.util.Files.newFile(Files.java:130)
	... 35 more

]]></system-err>
  </testcase>
  <testcase name="verifyTitle" classname="com.ccautomation.pagetitle.PageTitleTest" time="30.509"/>
  <testcase name="verifyTitle" classname="com.ccautomation.pagetitle.PageTitleTest" time="30.462"/>
  <testcase name="verifyTitle" classname="com.ccautomation.pagetitle.PageTitleTest" time="30.49"/>
  <testcase name="verifyTitle" classname="com.ccautomation.pagetitle.PageTitleTest" time="31.405"/>
  <testcase name="verifyTitle" classname="com.ccautomation.pagetitle.PageTitleTest" time="38.234"/>
  <testcase name="verifyTitle" classname="com.ccautomation.pagetitle.PageTitleTest" time="31.308"/>
  <testcase name="verifyTitle" classname="com.ccautomation.pagetitle.PageTitleTest" time="30.898"/>
  <testcase name="verifyTitle" classname="com.ccautomation.pagetitle.PageTitleTest" time="31.586"/>
  <testcase name="verifyTitle" classname="com.ccautomation.pagetitle.PageTitleTest" time="31.122">
    <failure message="expected [Delhi: Latest News &amp; Updates | Get Breaking News Headlines &amp; Exclusive Stories on Delhi at India.com] but found [Latest News on Indian Cities | Get Breaking News &amp; Exclusive Stories of Indian Cities at India.com]" type="java.lang.AssertionError"><![CDATA[java.lang.AssertionError: expected [Delhi: Latest News & Updates | Get Breaking News Headlines & Exclusive Stories on Delhi at India.com] but found [Latest News on Indian Cities | Get Breaking News & Exclusive Stories of Indian Cities at India.com]
	at org.testng.Assert.fail(Assert.java:94)
	at org.testng.Assert.failNotEquals(Assert.java:494)
	at org.testng.Assert.assertEquals(Assert.java:123)
	at org.testng.Assert.assertEquals(Assert.java:176)
	at org.testng.Assert.assertEquals(Assert.java:186)
	at com.ccautomation.pagetitle.PageTitleTest.verifyTitle(PageTitleTest.java:54)
]]></failure>
    <system-err><![CDATA[Jul 27, 2015 3:50:28 PM org.fest.swing.testng.listener.ScreenshotOnFailureListener takeScreenshotAndReturnFileName
SEVERE: Unable to save image as 'D:\Automation-20072015\CCAutomation\target\surefire-reports\Smoke Test\com.ccautomation.pagetitle.PageTitleTest.verifyTitle.Delhi Page.Delhi: Latest News & Updates | Get Breaking News Headlines & Exclusive Stories on Delhi at India.com.Delhi: Latest News & Updates - Get latest & breaking news headlines, stories & articles on Delhi including current affairs, politics, business, entertainment, bollywood, sports & more online at India.com.Delhi news,latest Delhi news,Delhi updates,Delhi current affairs,politics news,Delhi breaking news,Delhi headlines,business news,entertainment news,sports news.http://www.india.com/news/cities/.png'
org.fest.swing.image.ImageException: Unable to save image as 'D:\Automation-20072015\CCAutomation\target\surefire-reports\Smoke Test\com.ccautomation.pagetitle.PageTitleTest.verifyTitle.Delhi Page.Delhi: Latest News & Updates | Get Breaking News Headlines & Exclusive Stories on Delhi at India.com.Delhi: Latest News & Updates - Get latest & breaking news headlines, stories & articles on Delhi including current affairs, politics, business, entertainment, bollywood, sports & more online at India.com.Delhi news,latest Delhi news,Delhi updates,Delhi current affairs,politics news,Delhi breaking news,Delhi headlines,business news,entertainment news,sports news.http://www.india.com/news/cities/.png'
	at org.fest.swing.image.ScreenshotTaker.saveImage(ScreenshotTaker.java:184)
	at org.fest.swing.image.ScreenshotTaker.saveDesktopAsPng(ScreenshotTaker.java:82)
	at org.fest.swing.testng.listener.ScreenshotOnFailureListener.takeScreenshotAndReturnFileName(ScreenshotOnFailureListener.java:118)
	at org.fest.swing.testng.listener.ScreenshotOnFailureListener.onTestFailure(ScreenshotOnFailureListener.java:100)
	at org.testng.internal.Invoker.runTestListeners(Invoker.java:1895)
	at org.testng.internal.Invoker.runTestListeners(Invoker.java:1879)
	at org.testng.internal.Invoker.invokeMethod(Invoker.java:778)
	at org.testng.internal.Invoker.invokeTestMethod(Invoker.java:901)
	at org.testng.internal.Invoker.invokeTestMethods(Invoker.java:1231)
	at org.testng.internal.TestMethodWorker.invokeTestMethods(TestMethodWorker.java:127)
	at org.testng.internal.TestMethodWorker.run(TestMethodWorker.java:111)
	at org.testng.TestRunner.privateRun(TestRunner.java:767)
	at org.testng.TestRunner.run(TestRunner.java:617)
	at org.testng.SuiteRunner.runTest(SuiteRunner.java:334)
	at org.testng.SuiteRunner.runSequentially(SuiteRunner.java:329)
	at org.testng.SuiteRunner.privateRun(SuiteRunner.java:291)
	at org.testng.SuiteRunner.run(SuiteRunner.java:240)
	at org.testng.SuiteRunnerWorker.runSuite(SuiteRunnerWorker.java:52)
	at org.testng.SuiteRunnerWorker.run(SuiteRunnerWorker.java:86)
	at org.testng.TestNG.runSuitesSequentially(TestNG.java:1198)
	at org.testng.TestNG.runSuitesLocally(TestNG.java:1123)
	at org.testng.TestNG.run(TestNG.java:1031)
	at org.apache.maven.surefire.testng.TestNGExecutor.run(TestNGExecutor.java:178)
	at org.apache.maven.surefire.testng.TestNGXmlTestSuite.execute(TestNGXmlTestSuite.java:92)
	at org.apache.maven.surefire.testng.TestNGProvider.invoke(TestNGProvider.java:96)
	at sun.reflect.NativeMethodAccessorImpl.invoke0(Native Method)
	at sun.reflect.NativeMethodAccessorImpl.invoke(Unknown Source)
	at sun.reflect.DelegatingMethodAccessorImpl.invoke(Unknown Source)
	at java.lang.reflect.Method.invoke(Unknown Source)
	at org.apache.maven.surefire.util.ReflectionUtils.invokeMethodWithArray2(ReflectionUtils.java:208)
	at org.apache.maven.surefire.booter.ProviderFactory$ProviderProxy.invoke(ProviderFactory.java:159)
	at org.apache.maven.surefire.booter.ProviderFactory.invokeProvider(ProviderFactory.java:87)
	at org.apache.maven.surefire.booter.ForkedBooter.runSuitesInProcess(ForkedBooter.java:153)
	at org.apache.maven.surefire.booter.ForkedBooter.main(ForkedBooter.java:95)
Caused by: org.fest.util.FilesException: Unable to create the new file 'D:\Automation-20072015\CCAutomation\target\surefire-reports\Smoke Test\com.ccautomation.pagetitle.PageTitleTest.verifyTitle.Delhi Page.Delhi: Latest News & Updates | Get Breaking News Headlines & Exclusive Stories on Delhi at India.com.Delhi: Latest News & Updates - Get latest & breaking news headlines, stories & articles on Delhi including current affairs, politics, business, entertainment, bollywood, sports & more online at India.com.Delhi news,latest Delhi news,Delhi updates,Delhi current affairs,politics news,Delhi breaking news,Delhi headlines,business news,entertainment news,sports news.http://www.india.com/news/cities/.png'
	at org.fest.util.Files.cannotCreateNewFile(Files.java:168)
	at org.fest.util.Files.cannotCreateNewFile(Files.java:162)
	at org.fest.util.Files.newFile(Files.java:132)
	at org.fest.swing.image.ImageFileWriter.writeAsPng(ImageFileWriter.java:41)
	at org.fest.swing.image.ScreenshotTaker.saveImage(ScreenshotTaker.java:182)
	... 33 more
Caused by: java.io.IOException: The filename, directory name, or volume label syntax is incorrect
	at java.io.WinNTFileSystem.createFileExclusively(Native Method)
	at java.io.File.createNewFile(Unknown Source)
	at org.fest.util.Files.newFile(Files.java:130)
	... 35 more

]]></system-err>
  </testcase>
  <testcase name="verifyTitle" classname="com.ccautomation.pagetitle.PageTitleTest" time="30.954"/>
  <testcase name="verifyTitle" classname="com.ccautomation.pagetitle.PageTitleTest" time="30.93"/>
  <testcase name="verifyTitle" classname="com.ccautomation.pagetitle.PageTitleTest" time="31.239"/>
  <testcase name="verifyTitle" classname="com.ccautomation.pagetitle.PageTitleTest" time="31.482"/>
</testsuite>