<?xml version="1.0" encoding="UTF-8"?>
<!-- Generated by org.testng.reporters.JUnitXMLReporter -->
<testsuite hostname="IT-TEST" name="PageTitle" tests="1" failures="1" timestamp="23 Jul 2015 09:36:21 GMT" time="6.479" errors="0">
  <testcase name="verifyTitle" time="0.179" classname="com.ccautomation.pagetitle.PageTitleTest">
    <failure type="org.testng.TestNGException" message="
The data provider is trying to pass 3 parameters but the method com.ccautomation.pagetitle.PageTitleTest#verifyTitle takes 5 and TestNG is unable in inject a suitable object">
      <![CDATA[org.testng.TestNGException: 
The data provider is trying to pass 3 parameters but the method com.ccautomation.pagetitle.PageTitleTest#verifyTitle takes 5 and TestNG is unable in inject a suitable object
	at org.apache.maven.surefire.testng.TestNGExecutor.run(TestNGExecutor.java:178)
	at org.apache.maven.surefire.testng.TestNGXmlTestSuite.execute(TestNGXmlTestSuite.java:92)
	at org.apache.maven.surefire.testng.TestNGProvider.invoke(TestNGProvider.java:96)
	at org.apache.maven.surefire.util.ReflectionUtils.invokeMethodWithArray2(ReflectionUtils.java:208)
	at org.apache.maven.surefire.booter.ProviderFactory$ProviderProxy.invoke(ProviderFactory.java:159)
	at org.apache.maven.surefire.booter.ProviderFactory.invokeProvider(ProviderFactory.java:87)
	at org.apache.maven.surefire.booter.ForkedBooter.runSuitesInProcess(ForkedBooter.java:153)
	at org.apache.maven.surefire.booter.ForkedBooter.main(ForkedBooter.java:95)
Caused by: java.lang.ArrayIndexOutOfBoundsException: 3
	... 26 more
... Removed 20 stack frames]]>
    </failure>
  </testcase> <!-- verifyTitle -->
</testsuite> <!-- PageTitle -->
