<?xml version="1.0" encoding="UTF-8"?>
<!-- Generated by org.testng.reporters.JUnitXMLReporter -->
<testsuite hostname="IT-TEST" name="PageTitle" tests="21" failures="2" timestamp="27 Jul 2015 10:22:34 GMT" time="663.942" errors="0">
  <testcase name="verifyTitle" time="34.737" classname="com.ccautomation.pagetitle.PageTitleTest"/>
  <testcase name="verifyTitle" time="30.558" classname="com.ccautomation.pagetitle.PageTitleTest"/>
  <testcase name="verifyTitle" time="30.772" classname="com.ccautomation.pagetitle.PageTitleTest"/>
  <testcase name="verifyTitle" time="30.624" classname="com.ccautomation.pagetitle.PageTitleTest"/>
  <testcase name="verifyTitle" time="30.488" classname="com.ccautomation.pagetitle.PageTitleTest"/>
  <testcase name="verifyTitle" time="30.461" classname="com.ccautomation.pagetitle.PageTitleTest"/>
  <testcase name="verifyTitle" time="30.505" classname="com.ccautomation.pagetitle.PageTitleTest"/>
  <testcase name="verifyTitle" time="31.208" classname="com.ccautomation.pagetitle.PageTitleTest">
    <failure type="java.lang.AssertionError" message="expected [ Latest Stories of Trending Topics on Sports | Humorous &amp;amp; Satire Stories on Sport Celebrities | India.com ] but found [Latest Stories of Trending Topics on Sports | Humorous &amp;amp; Satire Stories on Sport Celebrities | India.com]">
      <![CDATA[java.lang.AssertionError: expected [ Latest Stories of Trending Topics on Sports | Humorous & Satire Stories on Sport Celebrities | India.com ] but found [Latest Stories of Trending Topics on Sports | Humorous & Satire Stories on Sport Celebrities | India.com]
	at com.ccautomation.pagetitle.PageTitleTest.verifyTitle(PageTitleTest.java:54)
	at org.apache.maven.surefire.testng.TestNGExecutor.run(TestNGExecutor.java:178)
	at org.apache.maven.surefire.testng.TestNGXmlTestSuite.execute(TestNGXmlTestSuite.java:92)
	at org.apache.maven.surefire.testng.TestNGProvider.invoke(TestNGProvider.java:96)
	at org.apache.maven.surefire.util.ReflectionUtils.invokeMethodWithArray2(ReflectionUtils.java:208)
	at org.apache.maven.surefire.booter.ProviderFactory$ProviderProxy.invoke(ProviderFactory.java:159)
	at org.apache.maven.surefire.booter.ProviderFactory.invokeProvider(ProviderFactory.java:87)
	at org.apache.maven.surefire.booter.ForkedBooter.runSuitesInProcess(ForkedBooter.java:153)
	at org.apache.maven.surefire.booter.ForkedBooter.main(ForkedBooter.java:95)
... Removed 30 stack frames]]>
    </failure>
  </testcase> <!-- verifyTitle -->
  <testcase name="verifyTitle" time="30.51" classname="com.ccautomation.pagetitle.PageTitleTest"/>
  <testcase name="verifyTitle" time="30.461" classname="com.ccautomation.pagetitle.PageTitleTest"/>
  <testcase name="verifyTitle" time="30.491" classname="com.ccautomation.pagetitle.PageTitleTest"/>
  <testcase name="verifyTitle" time="31.405" classname="com.ccautomation.pagetitle.PageTitleTest"/>
  <testcase name="verifyTitle" time="38.233" classname="com.ccautomation.pagetitle.PageTitleTest"/>
  <testcase name="verifyTitle" time="31.309" classname="com.ccautomation.pagetitle.PageTitleTest"/>
  <testcase name="verifyTitle" time="30.899" classname="com.ccautomation.pagetitle.PageTitleTest"/>
  <testcase name="verifyTitle" time="31.587" classname="com.ccautomation.pagetitle.PageTitleTest"/>
  <testcase name="verifyTitle" time="31.056" classname="com.ccautomation.pagetitle.PageTitleTest">
    <failure type="java.lang.AssertionError" message="expected [Delhi: Latest News &amp;amp; Updates | Get Breaking News Headlines &amp;amp; Exclusive Stories on Delhi at India.com] but found [Latest News on Indian Cities | Get Breaking News &amp;amp; Exclusive Stories of Indian Cities at India.com]">
      <![CDATA[java.lang.AssertionError: expected [Delhi: Latest News & Updates | Get Breaking News Headlines & Exclusive Stories on Delhi at India.com] but found [Latest News on Indian Cities | Get Breaking News & Exclusive Stories of Indian Cities at India.com]
	at com.ccautomation.pagetitle.PageTitleTest.verifyTitle(PageTitleTest.java:54)
	at org.apache.maven.surefire.testng.TestNGExecutor.run(TestNGExecutor.java:178)
	at org.apache.maven.surefire.testng.TestNGXmlTestSuite.execute(TestNGXmlTestSuite.java:92)
	at org.apache.maven.surefire.testng.TestNGProvider.invoke(TestNGProvider.java:96)
	at org.apache.maven.surefire.util.ReflectionUtils.invokeMethodWithArray2(ReflectionUtils.java:208)
	at org.apache.maven.surefire.booter.ProviderFactory$ProviderProxy.invoke(ProviderFactory.java:159)
	at org.apache.maven.surefire.booter.ProviderFactory.invokeProvider(ProviderFactory.java:87)
	at org.apache.maven.surefire.booter.ForkedBooter.runSuitesInProcess(ForkedBooter.java:153)
	at org.apache.maven.surefire.booter.ForkedBooter.main(ForkedBooter.java:95)
... Removed 29 stack frames]]>
    </failure>
  </testcase> <!-- verifyTitle -->
  <testcase name="verifyTitle" time="30.954" classname="com.ccautomation.pagetitle.PageTitleTest"/>
  <testcase name="verifyTitle" time="30.93" classname="com.ccautomation.pagetitle.PageTitleTest"/>
  <testcase name="verifyTitle" time="31.239" classname="com.ccautomation.pagetitle.PageTitleTest"/>
  <testcase name="verifyTitle" time="31.482" classname="com.ccautomation.pagetitle.PageTitleTest"/>
</testsuite> <!-- PageTitle -->
