<?xml version="1.0" encoding="UTF-8"?>
<!-- Generated by org.testng.reporters.JUnitReportReporter -->
<testsuite hostname="IT-TEST" name="com.ccautomation.pagetitle.PageTitleTest" tests="21" failures="0" timestamp="27 Jul 2015 10:22:34 GMT" time="659.909" errors="2">
  <testcase name="verifyTitle" time="30.558" classname="com.ccautomation.pagetitle.PageTitleTest"/>
  <testcase name="verifyTitle" time="30.510" classname="com.ccautomation.pagetitle.PageTitleTest"/>
  <testcase name="verifyTitle" time="38.233" classname="com.ccautomation.pagetitle.PageTitleTest"/>
  <testcase name="verifyTitle" time="31.482" classname="com.ccautomation.pagetitle.PageTitleTest"/>
  <testcase name="verifyTitle" time="31.309" classname="com.ccautomation.pagetitle.PageTitleTest"/>
  <testcase name="verifyTitle" time="30.930" classname="com.ccautomation.pagetitle.PageTitleTest"/>
  <testcase name="verifyTitle" time="30.954" classname="com.ccautomation.pagetitle.PageTitleTest"/>
  <testcase name="verifyTitle" time="31.405" classname="com.ccautomation.pagetitle.PageTitleTest"/>
  <testcase name="verifyTitle" time="30.505" classname="com.ccautomation.pagetitle.PageTitleTest"/>
  <testcase name="verifyTitle" time="34.737" classname="com.ccautomation.pagetitle.PageTitleTest"/>
  <testcase name="verifyTitle" time="31.208" classname="com.ccautomation.pagetitle.PageTitleTest">
    <error type="java.lang.AssertionError" message="expected [ Latest Stories of Trending Topics on Sports | Humorous &amp; Satire Stories on Sport Celebrities | India.com ] but found [Latest Stories of Trending Topics on Sports | Humorous &amp; Satire Stories on Sport Celebrities | India.com]">
      <![CDATA[java.lang.AssertionError: expected [ Latest Stories of Trending Topics on Sports | Humorous & Satire Stories on Sport Celebrities | India.com ] but found [Latest Stories of Trending Topics on Sports | Humorous & Satire Stories on Sport Celebrities | India.com]
	at org.testng.Assert.fail(Assert.java:94)
	at org.testng.Assert.failNotEquals(Assert.java:494)
	at org.testng.Assert.assertEquals(Assert.java:123)
	at org.testng.Assert.assertEquals(Assert.java:176)
	at org.testng.Assert.assertEquals(Assert.java:186)
	at com.ccautomation.pagetitle.PageTitleTest.verifyTitle(PageTitleTest.java:54)
	at sun.reflect.NativeMethodAccessorImpl.invoke0(Native Method)
	at sun.reflect.NativeMethodAccessorImpl.invoke(Unknown Source)
	at sun.reflect.DelegatingMethodAccessorImpl.invoke(Unknown Source)
	at java.lang.reflect.Method.invoke(Unknown Source)
	at org.testng.internal.MethodInvocationHelper.invokeMethod(MethodInvocationHelper.java:80)
	at org.testng.internal.Invoker.invokeMethod(Invoker.java:714)
	at org.testng.internal.Invoker.invokeTestMethod(Invoker.java:901)
	at org.testng.internal.Invoker.invokeTestMethods(Invoker.java:1231)
	at org.testng.internal.TestMethodWorker.invokeTestMethods(TestMethodWorker.java:127)
	at org.testng.internal.TestMethodWorker.run(TestMethodWorker.java:111)
	at org.testng.TestRunner.privateRun(TestRunner.java:767)
	at org.testng.TestRunner.run(TestRunner.java:617)
	at org.testng.SuiteRunner.runTest(SuiteRunner.java:334)
	at org.testng.SuiteRunner.runSequentially(SuiteRunner.java:329)
	at org.testng.SuiteRunner.privateRun(SuiteRunner.java:291)
	at org.testng.SuiteRunner.run(SuiteRunner.java:240)
	at org.testng.SuiteRunnerWorker.runSuite(SuiteRunnerWorker.java:52)
	at org.testng.SuiteRunnerWorker.run(SuiteRunnerWorker.java:86)
	at org.testng.TestNG.runSuitesSequentially(TestNG.java:1198)
	at org.testng.TestNG.runSuitesLocally(TestNG.java:1123)
	at org.testng.TestNG.run(TestNG.java:1031)
	at org.apache.maven.surefire.testng.TestNGExecutor.run(TestNGExecutor.java:178)
	at org.apache.maven.surefire.testng.TestNGXmlTestSuite.execute(TestNGXmlTestSuite.java:92)
	at org.apache.maven.surefire.testng.TestNGProvider.invoke(TestNGProvider.java:96)
	at sun.reflect.NativeMethodAccessorImpl.invoke0(Native Method)
	at sun.reflect.NativeMethodAccessorImpl.invoke(Unknown Source)
	at sun.reflect.DelegatingMethodAccessorImpl.invoke(Unknown Source)
	at java.lang.reflect.Method.invoke(Unknown Source)
	at org.apache.maven.surefire.util.ReflectionUtils.invokeMethodWithArray2(ReflectionUtils.java:208)
	at org.apache.maven.surefire.booter.ProviderFactory$ProviderProxy.invoke(ProviderFactory.java:159)
	at org.apache.maven.surefire.booter.ProviderFactory.invokeProvider(ProviderFactory.java:87)
	at org.apache.maven.surefire.booter.ForkedBooter.runSuitesInProcess(ForkedBooter.java:153)
	at org.apache.maven.surefire.booter.ForkedBooter.main(ForkedBooter.java:95)
]]>
    </error>
  </testcase> <!-- verifyTitle -->
  <testcase name="verifyTitle" time="30.491" classname="com.ccautomation.pagetitle.PageTitleTest"/>
  <testcase name="verifyTitle" time="30.461" classname="com.ccautomation.pagetitle.PageTitleTest"/>
  <testcase name="verifyTitle" time="30.772" classname="com.ccautomation.pagetitle.PageTitleTest"/>
  <testcase name="verifyTitle" time="30.899" classname="com.ccautomation.pagetitle.PageTitleTest"/>
  <testcase name="verifyTitle" time="31.056" classname="com.ccautomation.pagetitle.PageTitleTest">
    <error type="java.lang.AssertionError" message="expected [Delhi: Latest News &amp; Updates | Get Breaking News Headlines &amp; Exclusive Stories on Delhi at India.com] but found [Latest News on Indian Cities | Get Breaking News &amp; Exclusive Stories of Indian Cities at India.com]">
      <![CDATA[java.lang.AssertionError: expected [Delhi: Latest News & Updates | Get Breaking News Headlines & Exclusive Stories on Delhi at India.com] but found [Latest News on Indian Cities | Get Breaking News & Exclusive Stories of Indian Cities at India.com]
	at org.testng.Assert.fail(Assert.java:94)
	at org.testng.Assert.failNotEquals(Assert.java:494)
	at org.testng.Assert.assertEquals(Assert.java:123)
	at org.testng.Assert.assertEquals(Assert.java:176)
	at org.testng.Assert.assertEquals(Assert.java:186)
	at com.ccautomation.pagetitle.PageTitleTest.verifyTitle(PageTitleTest.java:54)
	at sun.reflect.GeneratedMethodAccessor5.invoke(Unknown Source)
	at sun.reflect.DelegatingMethodAccessorImpl.invoke(Unknown Source)
	at java.lang.reflect.Method.invoke(Unknown Source)
	at org.testng.internal.MethodInvocationHelper.invokeMethod(MethodInvocationHelper.java:80)
	at org.testng.internal.Invoker.invokeMethod(Invoker.java:714)
	at org.testng.internal.Invoker.invokeTestMethod(Invoker.java:901)
	at org.testng.internal.Invoker.invokeTestMethods(Invoker.java:1231)
	at org.testng.internal.TestMethodWorker.invokeTestMethods(TestMethodWorker.java:127)
	at org.testng.internal.TestMethodWorker.run(TestMethodWorker.java:111)
	at org.testng.TestRunner.privateRun(TestRunner.java:767)
	at org.testng.TestRunner.run(TestRunner.java:617)
	at org.testng.SuiteRunner.runTest(SuiteRunner.java:334)
	at org.testng.SuiteRunner.runSequentially(SuiteRunner.java:329)
	at org.testng.SuiteRunner.privateRun(SuiteRunner.java:291)
	at org.testng.SuiteRunner.run(SuiteRunner.java:240)
	at org.testng.SuiteRunnerWorker.runSuite(SuiteRunnerWorker.java:52)
	at org.testng.SuiteRunnerWorker.run(SuiteRunnerWorker.java:86)
	at org.testng.TestNG.runSuitesSequentially(TestNG.java:1198)
	at org.testng.TestNG.runSuitesLocally(TestNG.java:1123)
	at org.testng.TestNG.run(TestNG.java:1031)
	at org.apache.maven.surefire.testng.TestNGExecutor.run(TestNGExecutor.java:178)
	at org.apache.maven.surefire.testng.TestNGXmlTestSuite.execute(TestNGXmlTestSuite.java:92)
	at org.apache.maven.surefire.testng.TestNGProvider.invoke(TestNGProvider.java:96)
	at sun.reflect.NativeMethodAccessorImpl.invoke0(Native Method)
	at sun.reflect.NativeMethodAccessorImpl.invoke(Unknown Source)
	at sun.reflect.DelegatingMethodAccessorImpl.invoke(Unknown Source)
	at java.lang.reflect.Method.invoke(Unknown Source)
	at org.apache.maven.surefire.util.ReflectionUtils.invokeMethodWithArray2(ReflectionUtils.java:208)
	at org.apache.maven.surefire.booter.ProviderFactory$ProviderProxy.invoke(ProviderFactory.java:159)
	at org.apache.maven.surefire.booter.ProviderFactory.invokeProvider(ProviderFactory.java:87)
	at org.apache.maven.surefire.booter.ForkedBooter.runSuitesInProcess(ForkedBooter.java:153)
	at org.apache.maven.surefire.booter.ForkedBooter.main(ForkedBooter.java:95)
]]>
    </error>
  </testcase> <!-- verifyTitle -->
  <testcase name="verifyTitle" time="31.239" classname="com.ccautomation.pagetitle.PageTitleTest"/>
  <testcase name="verifyTitle" time="30.624" classname="com.ccautomation.pagetitle.PageTitleTest"/>
  <testcase name="verifyTitle" time="30.461" classname="com.ccautomation.pagetitle.PageTitleTest"/>
  <testcase name="verifyTitle" time="30.488" classname="com.ccautomation.pagetitle.PageTitleTest"/>
  <testcase name="verifyTitle" time="31.587" classname="com.ccautomation.pagetitle.PageTitleTest"/>
</testsuite> <!-- com.ccautomation.pagetitle.PageTitleTest -->
